# JRE version: Java(TM) SE Runtime Environment (8.0_40-b25) (build 1.8.0_40-b25)
# Java VM: Java HotSpot(TM) 64-Bit Server VM (25.40-b25 mixed mode windows-amd64 compressed oops)
Heap:
 PSYoungGen      total 189440K, used 101612K [0x00000000eab00000, 0x00000000f8f80000, 0x0000000100000000)
  eden space 173056K, 49% used [0x00000000eab00000,0x00000000efe40758,0x00000000f5400000)
  from space 16384K, 99% used [0x00000000f7f80000,0x00000000f8f7ac10,0x00000000f8f80000)
  to   space 19968K, 0% used [0x00000000f6880000,0x00000000f6880000,0x00000000f7c00000)
 ParOldGen       total 51200K, used 28675K [0x00000000c0000000, 0x00000000c3200000, 0x00000000eab00000)
  object space 51200K, 56% used [0x00000000c0000000,0x00000000c1c00e68,0x00000000c3200000)
 Metaspace       used 42461K, capacity 44246K, committed 44376K, reserved 1087488K
  class space    used 5775K, capacity 6456K, committed 6528K, reserved 1048576K
GC Heap History (10 events):
Event: 20.068 GC heap before
{Heap before GC invocations=10 (full 1):
 PSYoungGen      total 102400K, used 95592K [0x00000000eab00000, 0x00000000f1b80000, 0x0000000100000000)
  eden space 93696K, 100% used [0x00000000eab00000,0x00000000f0680000,0x00000000f0680000)
  from space 8704K, 21% used [0x00000000f1300000,0x00000000f14da100,0x00000000f1b80000)
  to   space 10752K, 0% used [0x00000000f0680000,0x00000000f0680000,0x00000000f1100000)
 ParOldGen       total 51200K, used 7983K [0x00000000c0000000, 0x00000000c3200000, 0x00000000eab00000)
  object space 51200K, 15% used [0x00000000c0000000,0x00000000c07cbfd0,0x00000000c3200000)
 Metaspace       used 22479K, capacity 22946K, committed 23168K, reserved 1069056K
  class space    used 2930K, capacity 3112K, committed 3200K, reserved 1048576K
Event: 20.073 GC heap after
Heap after GC invocations=10 (full 1):
 PSYoungGen      total 104448K, used 960K [0x00000000eab00000, 0x00000000f4680000, 0x0000000100000000)
  eden space 93696K, 0% used [0x00000000eab00000,0x00000000eab00000,0x00000000f0680000)
  from space 10752K, 8% used [0x00000000f0680000,0x00000000f0770000,0x00000000f1100000)
  to   space 10752K, 0% used [0x00000000f3c00000,0x00000000f3c00000,0x00000000f4680000)
 ParOldGen       total 51200K, used 9175K [0x00000000c0000000, 0x00000000c3200000, 0x00000000eab00000)
  object space 51200K, 17% used [0x00000000c0000000,0x00000000c08f5dd0,0x00000000c3200000)
 Metaspace       used 22479K, capacity 22946K, committed 23168K, reserved 1069056K
  class space    used 2930K, capacity 3112K, committed 3200K, reserved 1048576K
}
Event: 21.218 GC heap before
{Heap before GC invocations=11 (full 1):
 PSYoungGen      total 104448K, used 94656K [0x00000000eab00000, 0x00000000f4680000, 0x0000000100000000)
  eden space 93696K, 100% used [0x00000000eab00000,0x00000000f0680000,0x00000000f0680000)
  from space 10752K, 8% used [0x00000000f0680000,0x00000000f0770000,0x00000000f1100000)
  to   space 10752K, 0% used [0x00000000f3c00000,0x00000000f3c00000,0x00000000f4680000)
 ParOldGen       total 51200K, used 9175K [0x00000000c0000000, 0x00000000c3200000, 0x00000000eab00000)
  object space 51200K, 17% used [0x00000000c0000000,0x00000000c08f5dd0,0x00000000c3200000)
 Metaspace       used 24950K, capacity 25668K, committed 25856K, reserved 1071104K
  class space    used 3269K, capacity 3554K, committed 3584K, reserved 1048576K
Event: 21.232 GC heap after
Heap after GC invocations=11 (full 1):
 PSYoungGen      total 147968K, used 7226K [0x00000000eab00000, 0x00000000f4780000, 0x0000000100000000)
  eden space 137216K, 0% used [0x00000000eab00000,0x00000000eab00000,0x00000000f3100000)
  from space 10752K, 67% used [0x00000000f3c00000,0x00000000f430ea08,0x00000000f4680000)
  to   space 11264K, 0% used [0x00000000f3100000,0x00000000f3100000,0x00000000f3c00000)
 ParOldGen       total 51200K, used 9767K [0x00000000c0000000, 0x00000000c3200000, 0x00000000eab00000)
  object space 51200K, 19% used [0x00000000c0000000,0x00000000c0989dd0,0x00000000c3200000)
 Metaspace       used 24950K, capacity 25668K, committed 25856K, reserved 1071104K
  class space    used 3269K, capacity 3554K, committed 3584K, reserved 1048576K
}
Event: 23.507 GC heap before
{Heap before GC invocations=12 (full 1):
 PSYoungGen      total 147968K, used 139916K [0x00000000eab00000, 0x00000000f4780000, 0x0000000100000000)
  eden space 137216K, 96% used [0x00000000eab00000,0x00000000f2c948a8,0x00000000f3100000)
  from space 10752K, 67% used [0x00000000f3c00000,0x00000000f430ea08,0x00000000f4680000)
  to   space 11264K, 0% used [0x00000000f3100000,0x00000000f3100000,0x00000000f3c00000)
 ParOldGen       total 51200K, used 9767K [0x00000000c0000000, 0x00000000c3200000, 0x00000000eab00000)
  object space 51200K, 19% used [0x00000000c0000000,0x00000000c0989dd0,0x00000000c3200000)
 Metaspace       used 34076K, capacity 35238K, committed 35416K, reserved 1079296K
  class space    used 4514K, capacity 4977K, committed 4992K, reserved 1048576K
Event: 23.533 GC heap after
Heap after GC invocations=12 (full 1):
 PSYoungGen      total 148480K, used 11263K [0x00000000eab00000, 0x00000000f8f80000, 0x0000000100000000)
  eden space 137216K, 0% used [0x00000000eab00000,0x00000000eab00000,0x00000000f3100000)
  from space 11264K, 99% used [0x00000000f3100000,0x00000000f3bffc78,0x00000000f3c00000)
  to   space 16384K, 0% used [0x00000000f7f80000,0x00000000f7f80000,0x00000000f8f80000)
 ParOldGen       total 51200K, used 18076K [0x00000000c0000000, 0x00000000c3200000, 0x00000000eab00000)
  object space 51200K, 35% used [0x00000000c0000000,0x00000000c11a73c0,0x00000000c3200000)
 Metaspace       used 34076K, capacity 35238K, committed 35416K, reserved 1079296K
  class space    used 4514K, capacity 4977K, committed 4992K, reserved 1048576K
}
Event: 23.533 GC heap before
{Heap before GC invocations=13 (full 2):
 PSYoungGen      total 148480K, used 11263K [0x00000000eab00000, 0x00000000f8f80000, 0x0000000100000000)
  eden space 137216K, 0% used [0x00000000eab00000,0x00000000eab00000,0x00000000f3100000)
  from space 11264K, 99% used [0x00000000f3100000,0x00000000f3bffc78,0x00000000f3c00000)
  to   space 16384K, 0% used [0x00000000f7f80000,0x00000000f7f80000,0x00000000f8f80000)
 ParOldGen       total 51200K, used 18076K [0x00000000c0000000, 0x00000000c3200000, 0x00000000eab00000)
  object space 51200K, 35% used [0x00000000c0000000,0x00000000c11a73c0,0x00000000c3200000)
 Metaspace       used 34076K, capacity 35238K, committed 35416K, reserved 1079296K
  class space    used 4514K, capacity 4977K, committed 4992K, reserved 1048576K
Event: 23.691 GC heap after
Heap after GC invocations=13 (full 2):
 PSYoungGen      total 148480K, used 0K [0x00000000eab00000, 0x00000000f8f80000, 0x0000000100000000)
  eden space 137216K, 0% used [0x00000000eab00000,0x00000000eab00000,0x00000000f3100000)
  from space 11264K, 0% used [0x00000000f3100000,0x00000000f3100000,0x00000000f3c00000)
  to   space 16384K, 0% used [0x00000000f7f80000,0x00000000f7f80000,0x00000000f8f80000)
 ParOldGen       total 51200K, used 27036K [0x00000000c0000000, 0x00000000c3200000, 0x00000000eab00000)
  object space 51200K, 52% used [0x00000000c0000000,0x00000000c1a671d8,0x00000000c3200000)
 Metaspace       used 34076K, capacity 35238K, committed 35416K, reserved 1079296K
  class space    used 4514K, capacity 4977K, committed 4992K, reserved 1048576K
}
Event: 26.489 GC heap before
{Heap before GC invocations=14 (full 2):
 PSYoungGen      total 148480K, used 137216K [0x00000000eab00000, 0x00000000f8f80000, 0x0000000100000000)
  eden space 137216K, 100% used [0x00000000eab00000,0x00000000f3100000,0x00000000f3100000)
  from space 11264K, 0% used [0x00000000f3100000,0x00000000f3100000,0x00000000f3c00000)
  to   space 16384K, 0% used [0x00000000f7f80000,0x00000000f7f80000,0x00000000f8f80000)
 ParOldGen       total 51200K, used 27036K [0x00000000c0000000, 0x00000000c3200000, 0x00000000eab00000)
  object space 51200K, 52% used [0x00000000c0000000,0x00000000c1a671d8,0x00000000c3200000)
 Metaspace       used 39601K, capacity 40924K, committed 41176K, reserved 1085440K
  class space    used 5276K, capacity 5770K, committed 5888K, reserved 1048576K
Event: 26.516 GC heap after
Heap after GC invocations=14 (full 2):
 PSYoungGen      total 189440K, used 16363K [0x00000000eab00000, 0x00000000f8f80000, 0x0000000100000000)
  eden space 173056K, 0% used [0x00000000eab00000,0x00000000eab00000,0x00000000f5400000)
  from space 16384K, 99% used [0x00000000f7f80000,0x00000000f8f7ac10,0x00000000f8f80000)
  to   space 19968K, 0% used [0x00000000f6880000,0x00000000f6880000,0x00000000f7c00000)
 ParOldGen       total 51200K, used 28675K [0x00000000c0000000, 0x00000000c3200000, 0x00000000eab00000)
  object space 51200K, 56% used [0x00000000c0000000,0x00000000c1c00e68,0x00000000c3200000)
 Metaspace       used 39601K, capacity 40924K, committed 41176K, reserved 1085440K
  class space    used 5276K, capacity 5770K, committed 5888K, reserved 1048576K
}

