# JRE version: Java(TM) SE Runtime Environment (8.0_40-b25) (build 1.8.0_40-b25)
# Java VM: Java HotSpot(TM) 64-Bit Server VM (25.40-b25 mixed mode windows-amd64 compressed oops)
Heap:
 PSYoungGen      total 35840K, used 7992K [0x00000000eab00000, 0x00000000ed300000, 0x0000000100000000)
  eden space 30720K, 26% used [0x00000000eab00000,0x00000000eb2ce220,0x00000000ec900000)
  from space 5120K, 0% used [0x00000000ec900000,0x00000000ec900000,0x00000000ece00000)
  to   space 5120K, 0% used [0x00000000ece00000,0x00000000ece00000,0x00000000ed300000)
 ParOldGen       total 50176K, used 840K [0x00000000c0000000, 0x00000000c3100000, 0x00000000eab00000)
  object space 50176K, 1% used [0x00000000c0000000,0x00000000c00d2320,0x00000000c3100000)
 Metaspace       used 5111K, capacity 6448K, committed 6528K, reserved 1058816K
  class space    used 545K, capacity 616K, committed 640K, reserved 1048576K
GC Heap History (4 events):
Event: 0.307 GC heap before
{Heap before GC invocations=1 (full 0):
 PSYoungGen      total 35840K, used 3072K [0x00000000eab00000, 0x00000000ed300000, 0x0000000100000000)
  eden space 30720K, 10% used [0x00000000eab00000,0x00000000eae00148,0x00000000ec900000)
  from space 5120K, 0% used [0x00000000ece00000,0x00000000ece00000,0x00000000ed300000)
  to   space 5120K, 0% used [0x00000000ec900000,0x00000000ec900000,0x00000000ece00000)
 ParOldGen       total 81920K, used 0K [0x00000000c0000000, 0x00000000c5000000, 0x00000000eab00000)
  object space 81920K, 0% used [0x00000000c0000000,0x00000000c0000000,0x00000000c5000000)
 Metaspace       used 3193K, capacity 4720K, committed 4864K, reserved 1060864K
  class space    used 346K, capacity 424K, committed 512K, reserved 1048576K
Event: 0.317 GC heap after
Heap after GC invocations=1 (full 0):
 PSYoungGen      total 35840K, used 900K [0x00000000eab00000, 0x00000000ed300000, 0x0000000100000000)
  eden space 30720K, 0% used [0x00000000eab00000,0x00000000eab00000,0x00000000ec900000)
  from space 5120K, 17% used [0x00000000ec900000,0x00000000ec9e13e8,0x00000000ece00000)
  to   space 5120K, 0% used [0x00000000ece00000,0x00000000ece00000,0x00000000ed300000)
 ParOldGen       total 81920K, used 8K [0x00000000c0000000, 0x00000000c5000000, 0x00000000eab00000)
  object space 81920K, 0% used [0x00000000c0000000,0x00000000c0002000,0x00000000c5000000)
 Metaspace       used 3193K, capacity 4720K, committed 4864K, reserved 1060864K
  class space    used 346K, capacity 424K, committed 512K, reserved 1048576K
}
Event: 0.317 GC heap before
{Heap before GC invocations=2 (full 1):
 PSYoungGen      total 35840K, used 900K [0x00000000eab00000, 0x00000000ed300000, 0x0000000100000000)
  eden space 30720K, 0% used [0x00000000eab00000,0x00000000eab00000,0x00000000ec900000)
  from space 5120K, 17% used [0x00000000ec900000,0x00000000ec9e13e8,0x00000000ece00000)
  to   space 5120K, 0% used [0x00000000ece00000,0x00000000ece00000,0x00000000ed300000)
 ParOldGen       total 81920K, used 8K [0x00000000c0000000, 0x00000000c5000000, 0x00000000eab00000)
  object space 81920K, 0% used [0x00000000c0000000,0x00000000c0002000,0x00000000c5000000)
 Metaspace       used 3193K, capacity 4720K, committed 4864K, reserved 1060864K
  class space    used 346K, capacity 424K, committed 512K, reserved 1048576K
Event: 0.334 GC heap after
Heap after GC invocations=2 (full 1):
 PSYoungGen      total 35840K, used 0K [0x00000000eab00000, 0x00000000ed300000, 0x0000000100000000)
  eden space 30720K, 0% used [0x00000000eab00000,0x00000000eab00000,0x00000000ec900000)
  from space 5120K, 0% used [0x00000000ec900000,0x00000000ec900000,0x00000000ece00000)
  to   space 5120K, 0% used [0x00000000ece00000,0x00000000ece00000,0x00000000ed300000)
 ParOldGen       total 50176K, used 840K [0x00000000c0000000, 0x00000000c3100000, 0x00000000eab00000)
  object space 50176K, 1% used [0x00000000c0000000,0x00000000c00d2320,0x00000000c3100000)
 Metaspace       used 3193K, capacity 4720K, committed 4864K, reserved 1058816K
  class space    used 346K, capacity 424K, committed 512K, reserved 1048576K
}

